<?xml version="1.0" encoding="UTF-8"?>
<coverage generated="1560273674239" clover="3.2.0">
  <project timestamp="1560273674239" name="All files">
    <metrics statements="9" coveredstatements="9" conditionals="4" coveredconditionals="4" methods="3" coveredmethods="3" elements="16" coveredelements="16" complexity="0" loc="9" ncloc="9" packages="1" files="2" classes="2"/>
    <file name="file-controller.js" path="/home/liz/Documentos/md.links/LIM009-fe-md-links/src/file-controller.js">
      <metrics statements="3" coveredstatements="3" conditionals="0" coveredconditionals="0" methods="1" coveredmethods="1"/>
      <line num="3" count="1" type="stmt"/>
      <line num="4" count="2" type="stmt"/>
      <line num="5" count="2" type="stmt"/>
    </file>
    <file name="path-controller.js" path="/home/liz/Documentos/md.links/LIM009-fe-md-links/src/path-controller.js">
      <metrics statements="6" coveredstatements="6" conditionals="4" coveredconditionals="4" methods="2" coveredmethods="2"/>
      <line num="4" count="1" type="stmt"/>
      <line num="5" count="2" type="cond" truecount="2" falsecount="0"/>
      <line num="6" count="1" type="stmt"/>
      <line num="10" count="1" type="stmt"/>
      <line num="11" count="2" type="cond" truecount="2" falsecount="0"/>
      <line num="12" count="1" type="stmt"/>
    </file>
  </project>
</coverage>
