<?xml version="1.0" encoding="UTF-8"?>
<coverage generated="1560997769056" clover="3.2.0">
  <project timestamp="1560997769056" name="All files">
    <metrics statements="79" coveredstatements="79" conditionals="30" coveredconditionals="30" methods="30" coveredmethods="30" elements="139" coveredelements="139" complexity="0" loc="79" ncloc="79" packages="1" files="7" classes="7"/>
    <file name="api-mdlinks.js" path="/home/liz/Documentos/md.links/LIM009-fe-md-links/src/api-mdlinks.js">
      <metrics statements="5" coveredstatements="5" conditionals="2" coveredconditionals="2" methods="2" coveredmethods="2"/>
      <line num="3" count="1" type="stmt"/>
      <line num="4" count="9" type="stmt"/>
      <line num="5" count="9" type="cond" truecount="2" falsecount="0"/>
      <line num="6" count="7" type="stmt"/>
      <line num="8" count="2" type="stmt"/>
    </file>
    <file name="cli.js" path="/home/liz/Documentos/md.links/LIM009-fe-md-links/src/cli.js">
      <metrics statements="7" coveredstatements="7" conditionals="0" coveredconditionals="0" methods="3" coveredmethods="3"/>
      <line num="1" count="1" type="stmt"/>
      <line num="2" count="5" type="stmt"/>
      <line num="3" count="14" type="stmt"/>
      <line num="5" count="5" type="stmt"/>
      <line num="6" count="5" type="stmt"/>
      <line num="7" count="14" type="stmt"/>
      <line num="9" count="5" type="stmt"/>
    </file>
    <file name="directory-controller.js" path="/home/liz/Documentos/md.links/LIM009-fe-md-links/src/directory-controller.js">
      <metrics statements="14" coveredstatements="14" conditionals="4" coveredconditionals="4" methods="4" coveredmethods="4"/>
      <line num="6" count="1" type="stmt"/>
      <line num="7" count="57" type="stmt"/>
      <line num="8" count="57" type="stmt"/>
      <line num="9" count="57" type="cond" truecount="2" falsecount="0"/>
      <line num="10" count="36" type="cond" truecount="2" falsecount="0"/>
      <line num="11" count="22" type="stmt"/>
      <line num="14" count="21" type="stmt"/>
      <line num="15" count="42" type="stmt"/>
      <line num="20" count="57" type="stmt"/>
      <line num="25" count="1" type="stmt"/>
      <line num="26" count="13" type="stmt"/>
      <line num="27" count="13" type="stmt"/>
      <line num="28" count="20" type="stmt"/>
      <line num="34" count="13" type="stmt"/>
    </file>
    <file name="file-controller.js" path="/home/liz/Documentos/md.links/LIM009-fe-md-links/src/file-controller.js">
      <metrics statements="3" coveredstatements="3" conditionals="0" coveredconditionals="0" methods="1" coveredmethods="1"/>
      <line num="3" count="1" type="stmt"/>
      <line num="4" count="59" type="stmt"/>
      <line num="5" count="59" type="stmt"/>
    </file>
    <file name="index.js" path="/home/liz/Documentos/md.links/LIM009-fe-md-links/src/index.js">
      <metrics statements="26" coveredstatements="26" conditionals="20" coveredconditionals="20" methods="12" coveredmethods="12"/>
      <line num="8" count="1" type="stmt"/>
      <line num="9" count="6" type="cond" truecount="5" falsecount="0"/>
      <line num="10" count="1" type="stmt"/>
      <line num="12" count="1" type="stmt"/>
      <line num="14" count="3" type="stmt"/>
      <line num="16" count="1" type="stmt"/>
      <line num="17" count="1" type="stmt"/>
      <line num="19" count="5" type="cond" truecount="5" falsecount="0"/>
      <line num="20" count="1" type="stmt"/>
      <line num="22" count="1" type="stmt"/>
      <line num="24" count="3" type="stmt"/>
      <line num="26" count="1" type="stmt"/>
      <line num="27" count="1" type="stmt"/>
      <line num="30" count="4" type="cond" truecount="5" falsecount="0"/>
      <line num="32" count="1" type="stmt"/>
      <line num="33" count="1" type="stmt"/>
      <line num="35" count="1" type="stmt"/>
      <line num="39" count="3" type="cond" truecount="5" falsecount="0"/>
      <line num="40" count="2" type="stmt"/>
      <line num="41" count="2" type="stmt"/>
      <line num="43" count="2" type="stmt"/>
      <line num="48" count="1" type="stmt"/>
      <line num="49" count="1" type="stmt"/>
      <line num="51" count="1" type="stmt"/>
      <line num="58" count="1" type="stmt"/>
      <line num="59" count="1" type="stmt"/>
    </file>
    <file name="links-controller.js" path="/home/liz/Documentos/md.links/LIM009-fe-md-links/src/links-controller.js">
      <metrics statements="17" coveredstatements="17" conditionals="2" coveredconditionals="2" methods="6" coveredmethods="6"/>
      <line num="6" count="1" type="stmt"/>
      <line num="7" count="11" type="stmt"/>
      <line num="8" count="11" type="stmt"/>
      <line num="9" count="18" type="stmt"/>
      <line num="10" count="18" type="stmt"/>
      <line num="11" count="28" type="stmt"/>
      <line num="18" count="18" type="stmt"/>
      <line num="21" count="11" type="stmt"/>
      <line num="28" count="1" type="stmt"/>
      <line num="29" count="8" type="stmt"/>
      <line num="30" count="20" type="stmt"/>
      <line num="32" count="20" type="stmt"/>
      <line num="33" count="20" type="cond" truecount="2" falsecount="0"/>
      <line num="34" count="13" type="stmt"/>
      <line num="36" count="7" type="stmt"/>
      <line num="38" count="20" type="stmt"/>
      <line num="42" count="8" type="stmt"/>
    </file>
    <file name="path-controller.js" path="/home/liz/Documentos/md.links/LIM009-fe-md-links/src/path-controller.js">
      <metrics statements="7" coveredstatements="7" conditionals="2" coveredconditionals="2" methods="2" coveredmethods="2"/>
      <line num="4" count="1" type="stmt"/>
      <line num="6" count="59" type="cond" truecount="2" falsecount="0"/>
      <line num="7" count="2" type="stmt"/>
      <line num="9" count="57" type="stmt"/>
      <line num="11" count="59" type="stmt"/>
      <line num="15" count="1" type="stmt"/>
      <line num="16" count="38" type="stmt"/>
    </file>
  </project>
</coverage>
