{"/home/liz/Documentos/md.links/LIM009-fe-md-links/src/api-mdlinks.js": {"path":"/home/liz/Documentos/md.links/LIM009-fe-md-links/src/api-mdlinks.js","statementMap":{"0":{"start":{"line":5,"column":22},"end":{"line":15,"column":1}},"1":{"start":{"line":6,"column":0},"end":{"line":14,"column":4}},"2":{"start":{"line":7,"column":2},"end":{"line":13,"column":3}},"3":{"start":{"line":8,"column":4},"end":{"line":8,"column":42}},"4":{"start":{"line":9,"column":9},"end":{"line":13,"column":3}},"5":{"start":{"line":10,"column":4},"end":{"line":11,"column":5}},"6":{"start":{"line":17,"column":0},"end":{"line":20,"column":2}},"7":{"start":{"line":19,"column":1},"end":{"line":19,"column":20}}},"fnMap":{"0":{"name":"(anonymous_0)","decl":{"start":{"line":5,"column":22},"end":{"line":5,"column":23}},"loc":{"start":{"line":5,"column":39},"end":{"line":15,"column":1}},"line":5},"1":{"name":"(anonymous_1)","decl":{"start":{"line":6,"column":19},"end":{"line":6,"column":20}},"loc":{"start":{"line":6,"column":38},"end":{"line":14,"column":3}},"line":6},"2":{"name":"(anonymous_2)","decl":{"start":{"line":18,"column":6},"end":{"line":18,"column":7}},"loc":{"start":{"line":18,"column":16},"end":{"line":20,"column":1}},"line":18}},"branchMap":{"0":{"loc":{"start":{"line":7,"column":2},"end":{"line":13,"column":3}},"type":"if","locations":[{"start":{"line":7,"column":2},"end":{"line":13,"column":3}},{"start":{"line":7,"column":2},"end":{"line":13,"column":3}}],"line":7},"1":{"loc":{"start":{"line":7,"column":5},"end":{"line":7,"column":57}},"type":"binary-expr","locations":[{"start":{"line":7,"column":5},"end":{"line":7,"column":28}},{"start":{"line":7,"column":32},"end":{"line":7,"column":57}}],"line":7},"2":{"loc":{"start":{"line":9,"column":9},"end":{"line":13,"column":3}},"type":"if","locations":[{"start":{"line":9,"column":9},"end":{"line":13,"column":3}},{"start":{"line":9,"column":9},"end":{"line":13,"column":3}}],"line":9},"3":{"loc":{"start":{"line":9,"column":13},"end":{"line":9,"column":63}},"type":"binary-expr","locations":[{"start":{"line":9,"column":13},"end":{"line":9,"column":36}},{"start":{"line":9,"column":40},"end":{"line":9,"column":63}}],"line":9}},"s":{"0":1,"1":3,"2":3,"3":1,"4":2,"5":2,"6":1,"7":1},"f":{"0":3,"1":3,"2":1},"b":{"0":[1,2],"1":[3,3],"2":[2,0],"3":[2,2]},"_coverageSchema":"43e27e138ebf9cfc5966b082cf9a028302ed4184","hash":"50aee1e0a3e2df97d339fa03f052c1a334604714"}
,"/home/liz/Documentos/md.links/LIM009-fe-md-links/src/directory-controller.js": {"path":"/home/liz/Documentos/md.links/LIM009-fe-md-links/src/directory-controller.js","statementMap":{"0":{"start":{"line":6,"column":39},"end":{"line":20,"column":1}},"1":{"start":{"line":7,"column":20},"end":{"line":7,"column":22}},"2":{"start":{"line":8,"column":2},"end":{"line":18,"column":3}},"3":{"start":{"line":9,"column":4},"end":{"line":11,"column":5}},"4":{"start":{"line":10,"column":6},"end":{"line":10,"column":35}},"5":{"start":{"line":13,"column":4},"end":{"line":17,"column":7}},"6":{"start":{"line":14,"column":6},"end":{"line":16,"column":8}},"7":{"start":{"line":19,"column":2},"end":{"line":19,"column":21}},"8":{"start":{"line":24,"column":30},"end":{"line":34,"column":1}},"9":{"start":{"line":25,"column":21},"end":{"line":25,"column":23}},"10":{"start":{"line":26,"column":2},"end":{"line":31,"column":5}},"11":{"start":{"line":27,"column":4},"end":{"line":30,"column":7}},"12":{"start":{"line":33,"column":2},"end":{"line":33,"column":22}}},"fnMap":{"0":{"name":"(anonymous_0)","decl":{"start":{"line":6,"column":39},"end":{"line":6,"column":40}},"loc":{"start":{"line":6,"column":48},"end":{"line":20,"column":1}},"line":6},"1":{"name":"(anonymous_1)","decl":{"start":{"line":13,"column":39},"end":{"line":13,"column":40}},"loc":{"start":{"line":13,"column":47},"end":{"line":17,"column":5}},"line":13},"2":{"name":"(anonymous_2)","decl":{"start":{"line":24,"column":30},"end":{"line":24,"column":31}},"loc":{"start":{"line":24,"column":39},"end":{"line":34,"column":1}},"line":24},"3":{"name":"(anonymous_3)","decl":{"start":{"line":26,"column":41},"end":{"line":26,"column":42}},"loc":{"start":{"line":26,"column":49},"end":{"line":31,"column":3}},"line":26}},"branchMap":{"0":{"loc":{"start":{"line":8,"column":2},"end":{"line":18,"column":3}},"type":"if","locations":[{"start":{"line":8,"column":2},"end":{"line":18,"column":3}},{"start":{"line":8,"column":2},"end":{"line":18,"column":3}}],"line":8},"1":{"loc":{"start":{"line":9,"column":4},"end":{"line":11,"column":5}},"type":"if","locations":[{"start":{"line":9,"column":4},"end":{"line":11,"column":5}},{"start":{"line":9,"column":4},"end":{"line":11,"column":5}}],"line":9}},"s":{"0":1,"1":32,"2":32,"3":24,"4":10,"5":8,"6":23,"7":32,"8":1,"9":7,"10":7,"11":8,"12":7},"f":{"0":32,"1":23,"2":7,"3":8},"b":{"0":[24,8],"1":[10,14]},"_coverageSchema":"43e27e138ebf9cfc5966b082cf9a028302ed4184","hash":"69b0972a94a58369d3c453b693a1d0d91871b8b1"}
,"/home/liz/Documentos/md.links/LIM009-fe-md-links/src/file-controller.js": {"path":"/home/liz/Documentos/md.links/LIM009-fe-md-links/src/file-controller.js","statementMap":{"0":{"start":{"line":3,"column":25},"end":{"line":6,"column":1}},"1":{"start":{"line":4,"column":18},"end":{"line":4,"column":40}},"2":{"start":{"line":5,"column":4},"end":{"line":5,"column":26}}},"fnMap":{"0":{"name":"(anonymous_0)","decl":{"start":{"line":3,"column":25},"end":{"line":3,"column":26}},"loc":{"start":{"line":3,"column":34},"end":{"line":6,"column":1}},"line":3}},"branchMap":{},"s":{"0":1,"1":34,"2":34},"f":{"0":34},"b":{},"_coverageSchema":"43e27e138ebf9cfc5966b082cf9a028302ed4184","hash":"e72d638664ce2528106cbf75106fea8debda33d4"}
,"/home/liz/Documentos/md.links/LIM009-fe-md-links/src/links-controller.js": {"path":"/home/liz/Documentos/md.links/LIM009-fe-md-links/src/links-controller.js","statementMap":{"0":{"start":{"line":6,"column":37},"end":{"line":22,"column":1}},"1":{"start":{"line":7,"column":23},"end":{"line":7,"column":25}},"2":{"start":{"line":8,"column":2},"end":{"line":20,"column":5}},"3":{"start":{"line":9,"column":19},"end":{"line":9,"column":40}},"4":{"start":{"line":10,"column":4},"end":{"line":16,"column":6}},"5":{"start":{"line":11,"column":6},"end":{"line":15,"column":9}},"6":{"start":{"line":18,"column":4},"end":{"line":18,"column":52}},"7":{"start":{"line":21,"column":2},"end":{"line":21,"column":24}},"8":{"start":{"line":28,"column":31},"end":{"line":43,"column":1}},"9":{"start":{"line":29,"column":27},"end":{"line":41,"column":4}},"10":{"start":{"line":30,"column":2},"end":{"line":39,"column":6}},"11":{"start":{"line":32,"column":9},"end":{"line":32,"column":35}},"12":{"start":{"line":33,"column":9},"end":{"line":37,"column":10}},"13":{"start":{"line":34,"column":10},"end":{"line":34,"column":23}},"14":{"start":{"line":36,"column":10},"end":{"line":36,"column":25}},"15":{"start":{"line":38,"column":6},"end":{"line":38,"column":16}},"16":{"start":{"line":42,"column":0},"end":{"line":42,"column":37}}},"fnMap":{"0":{"name":"(anonymous_0)","decl":{"start":{"line":6,"column":37},"end":{"line":6,"column":38}},"loc":{"start":{"line":6,"column":46},"end":{"line":22,"column":1}},"line":6},"1":{"name":"(anonymous_1)","decl":{"start":{"line":8,"column":32},"end":{"line":8,"column":33}},"loc":{"start":{"line":8,"column":43},"end":{"line":20,"column":3}},"line":8},"2":{"name":"(anonymous_2)","decl":{"start":{"line":10,"column":20},"end":{"line":10,"column":21}},"loc":{"start":{"line":10,"column":43},"end":{"line":16,"column":5}},"line":10},"3":{"name":"(anonymous_3)","decl":{"start":{"line":28,"column":31},"end":{"line":28,"column":32}},"loc":{"start":{"line":28,"column":40},"end":{"line":43,"column":1}},"line":28},"4":{"name":"(anonymous_4)","decl":{"start":{"line":29,"column":37},"end":{"line":29,"column":38}},"loc":{"start":{"line":29,"column":43},"end":{"line":41,"column":3}},"line":29},"5":{"name":"(anonymous_5)","decl":{"start":{"line":31,"column":11},"end":{"line":31,"column":12}},"loc":{"start":{"line":31,"column":21},"end":{"line":39,"column":5}},"line":31}},"branchMap":{"0":{"loc":{"start":{"line":33,"column":9},"end":{"line":37,"column":10}},"type":"if","locations":[{"start":{"line":33,"column":9},"end":{"line":37,"column":10}},{"start":{"line":33,"column":9},"end":{"line":37,"column":10}}],"line":33}},"s":{"0":1,"1":5,"2":5,"3":6,"4":6,"5":11,"6":6,"7":5,"8":1,"9":3,"10":6,"11":6,"12":6,"13":3,"14":3,"15":6,"16":3},"f":{"0":5,"1":6,"2":11,"3":3,"4":6,"5":6},"b":{"0":[3,3]},"_coverageSchema":"43e27e138ebf9cfc5966b082cf9a028302ed4184","hash":"9a503055e9551c0ba5f651441ba56963e210ea0f"}
,"/home/liz/Documentos/md.links/LIM009-fe-md-links/src/path-controller.js": {"path":"/home/liz/Documentos/md.links/LIM009-fe-md-links/src/path-controller.js","statementMap":{"0":{"start":{"line":4,"column":33},"end":{"line":12,"column":1}},"1":{"start":{"line":6,"column":2},"end":{"line":10,"column":3}},"2":{"start":{"line":7,"column":4},"end":{"line":7,"column":45}},"3":{"start":{"line":9,"column":4},"end":{"line":9,"column":24}},"4":{"start":{"line":11,"column":2},"end":{"line":11,"column":23}},"5":{"start":{"line":15,"column":31},"end":{"line":17,"column":1}},"6":{"start":{"line":16,"column":2},"end":{"line":16,"column":42}}},"fnMap":{"0":{"name":"(anonymous_0)","decl":{"start":{"line":4,"column":33},"end":{"line":4,"column":34}},"loc":{"start":{"line":4,"column":42},"end":{"line":12,"column":1}},"line":4},"1":{"name":"(anonymous_1)","decl":{"start":{"line":15,"column":31},"end":{"line":15,"column":32}},"loc":{"start":{"line":15,"column":39},"end":{"line":17,"column":1}},"line":15}},"branchMap":{"0":{"loc":{"start":{"line":6,"column":2},"end":{"line":10,"column":3}},"type":"if","locations":[{"start":{"line":6,"column":2},"end":{"line":10,"column":3}},{"start":{"line":6,"column":2},"end":{"line":10,"column":3}}],"line":6}},"s":{"0":1,"1":7,"2":1,"3":6,"4":7,"5":1,"6":26},"f":{"0":7,"1":26},"b":{"0":[1,6]},"_coverageSchema":"43e27e138ebf9cfc5966b082cf9a028302ed4184","hash":"0d845c5ab294ff372d2cc4893b9797ac299b7773"}
}
