{"/home/liz/Documentos/md.links/LIM009-fe-md-links/src/file-controller.js": {"path":"/home/liz/Documentos/md.links/LIM009-fe-md-links/src/file-controller.js","statementMap":{"0":{"start":{"line":3,"column":25},"end":{"line":6,"column":1}},"1":{"start":{"line":4,"column":18},"end":{"line":4,"column":40}},"2":{"start":{"line":5,"column":4},"end":{"line":5,"column":26}}},"fnMap":{"0":{"name":"(anonymous_0)","decl":{"start":{"line":3,"column":25},"end":{"line":3,"column":26}},"loc":{"start":{"line":3,"column":34},"end":{"line":6,"column":1}},"line":3}},"branchMap":{},"s":{"0":1,"1":2,"2":2},"f":{"0":2},"b":{},"_coverageSchema":"43e27e138ebf9cfc5966b082cf9a028302ed4184","hash":"e72d638664ce2528106cbf75106fea8debda33d4"}
,"/home/liz/Documentos/md.links/LIM009-fe-md-links/src/path-controller.js": {"path":"/home/liz/Documentos/md.links/LIM009-fe-md-links/src/path-controller.js","statementMap":{"0":{"start":{"line":4,"column":32},"end":{"line":8,"column":1}},"1":{"start":{"line":5,"column":2},"end":{"line":6,"column":36}},"2":{"start":{"line":6,"column":4},"end":{"line":6,"column":36}},"3":{"start":{"line":10,"column":30},"end":{"line":15,"column":1}},"4":{"start":{"line":11,"column":2},"end":{"line":13,"column":3}},"5":{"start":{"line":12,"column":6},"end":{"line":12,"column":36}}},"fnMap":{"0":{"name":"(anonymous_0)","decl":{"start":{"line":4,"column":32},"end":{"line":4,"column":33}},"loc":{"start":{"line":4,"column":41},"end":{"line":8,"column":1}},"line":4},"1":{"name":"(anonymous_1)","decl":{"start":{"line":10,"column":30},"end":{"line":10,"column":31}},"loc":{"start":{"line":10,"column":38},"end":{"line":15,"column":1}},"line":10}},"branchMap":{"0":{"loc":{"start":{"line":5,"column":2},"end":{"line":6,"column":36}},"type":"if","locations":[{"start":{"line":5,"column":2},"end":{"line":6,"column":36}},{"start":{"line":5,"column":2},"end":{"line":6,"column":36}}],"line":5},"1":{"loc":{"start":{"line":11,"column":2},"end":{"line":13,"column":3}},"type":"if","locations":[{"start":{"line":11,"column":2},"end":{"line":13,"column":3}},{"start":{"line":11,"column":2},"end":{"line":13,"column":3}}],"line":11}},"s":{"0":1,"1":2,"2":1,"3":1,"4":2,"5":1},"f":{"0":2,"1":2},"b":{"0":[1,1],"1":[1,1]},"_coverageSchema":"43e27e138ebf9cfc5966b082cf9a028302ed4184","hash":"0177727c12b364fc3efd5cc506f8d00ba17441c0"}
}
