TN:
SF:/home/liz/Documentos/md.links/LIM009-fe-md-links/src/api-mdlinks.js
FN:3,(anonymous_0)
FN:4,(anonymous_1)
FNF:2
FNH:2
FNDA:3,(anonymous_0)
FNDA:3,(anonymous_1)
DA:3,1
DA:4,3
DA:5,3
DA:6,2
DA:8,1
LF:5
LH:5
BRDA:5,0,0,2
BRDA:5,0,1,1
BRF:2
BRH:2
end_of_record
TN:
SF:/home/liz/Documentos/md.links/LIM009-fe-md-links/src/cli.js
FN:1,(anonymous_0)
FN:2,(anonymous_1)
FN:6,(anonymous_2)
FNF:3
FNH:3
FNDA:1,(anonymous_0)
FNDA:2,(anonymous_1)
FNDA:2,(anonymous_2)
DA:1,1
DA:2,1
DA:3,2
DA:5,1
DA:6,1
DA:7,2
DA:9,1
LF:7
LH:7
BRF:0
BRH:0
end_of_record
TN:
SF:/home/liz/Documentos/md.links/LIM009-fe-md-links/src/directory-controller.js
FN:6,(anonymous_0)
FN:14,(anonymous_1)
FN:25,(anonymous_2)
FN:27,(anonymous_3)
FNF:4
FNH:4
FNDA:33,(anonymous_0)
FNDA:24,(anonymous_1)
FNDA:7,(anonymous_2)
FNDA:8,(anonymous_3)
DA:6,1
DA:7,33
DA:8,33
DA:9,33
DA:10,24
DA:11,10
DA:14,9
DA:15,24
DA:20,33
DA:25,1
DA:26,7
DA:27,7
DA:28,8
DA:34,7
LF:14
LH:14
BRDA:9,0,0,24
BRDA:9,0,1,9
BRDA:10,1,0,10
BRDA:10,1,1,14
BRF:4
BRH:4
end_of_record
TN:
SF:/home/liz/Documentos/md.links/LIM009-fe-md-links/src/file-controller.js
FN:3,(anonymous_0)
FNF:1
FNH:1
FNDA:35,(anonymous_0)
DA:3,1
DA:4,35
DA:5,35
LF:3
LH:3
BRF:0
BRH:0
end_of_record
TN:
SF:/home/liz/Documentos/md.links/LIM009-fe-md-links/src/links-controller.js
FN:6,(anonymous_0)
FN:8,(anonymous_1)
FN:10,(anonymous_2)
FN:28,(anonymous_3)
FN:29,(anonymous_4)
FN:31,(anonymous_5)
FNF:6
FNH:6
FNDA:5,(anonymous_0)
FNDA:6,(anonymous_1)
FNDA:10,(anonymous_2)
FNDA:3,(anonymous_3)
FNDA:5,(anonymous_4)
FNDA:5,(anonymous_5)
DA:6,1
DA:7,5
DA:8,5
DA:9,6
DA:10,6
DA:11,10
DA:18,6
DA:21,5
DA:28,1
DA:29,3
DA:30,5
DA:32,5
DA:33,5
DA:34,3
DA:36,2
DA:38,5
DA:42,3
LF:17
LH:17
BRDA:33,0,0,3
BRDA:33,0,1,2
BRF:2
BRH:2
end_of_record
TN:
SF:/home/liz/Documentos/md.links/LIM009-fe-md-links/src/path-controller.js
FN:4,(anonymous_0)
FN:15,(anonymous_1)
FNF:2
FNH:2
FNDA:35,(anonymous_0)
FNDA:26,(anonymous_1)
DA:4,1
DA:6,35
DA:7,2
DA:9,33
DA:11,35
DA:15,1
DA:16,26
LF:7
LH:7
BRDA:6,0,0,2
BRDA:6,0,1,33
BRF:2
BRH:2
end_of_record
