TN:
SF:/home/liz/Documentos/md.links/LIM009-fe-md-links/src/directory-controller.js
FN:6,(anonymous_0)
FN:13,(anonymous_1)
FNF:2
FNH:2
FNDA:16,(anonymous_0)
FNDA:13,(anonymous_1)
DA:6,1
DA:7,16
DA:8,16
DA:9,12
DA:10,2
DA:13,4
DA:14,13
DA:19,16
DA:21,1
LF:9
LH:9
BRDA:8,0,0,12
BRDA:8,0,1,4
BRDA:9,1,0,2
BRDA:9,1,1,10
BRF:4
BRH:4
end_of_record
TN:
SF:/home/liz/Documentos/md.links/LIM009-fe-md-links/src/file-controller.js
FN:3,(anonymous_0)
FNF:1
FNH:1
FNDA:18,(anonymous_0)
DA:3,1
DA:4,18
DA:5,18
LF:3
LH:3
BRF:0
BRH:0
end_of_record
TN:
SF:/home/liz/Documentos/md.links/LIM009-fe-md-links/src/path-controller.js
FN:4,(anonymous_0)
FN:14,(anonymous_1)
FNF:2
FNH:2
FNDA:2,(anonymous_0)
FNDA:14,(anonymous_1)
DA:4,1
DA:6,2
DA:7,1
DA:9,1
DA:11,2
DA:14,1
DA:15,14
LF:7
LH:7
BRDA:6,0,0,1
BRDA:6,0,1,1
BRF:2
BRH:2
end_of_record
